-------------------------------------------------------------------------------
Test set: ConnectionTests.ConnectionTests
-------------------------------------------------------------------------------
<<<<<<< Updated upstream
<<<<<<< Updated upstream
Tests run: 1, Failures: 0, Errors: 0, Skipped: 0, Time elapsed: 1.896 s -- in ConnectionTests.ConnectionTests
=======
Tests run: 1, Failures: 0, Errors: 0, Skipped: 0, Time elapsed: 1.805 s -- in ConnectionTests.ConnectionTests
>>>>>>> Stashed changes
=======
Tests run: 1, Failures: 0, Errors: 0, Skipped: 0, Time elapsed: 1.805 s -- in ConnectionTests.ConnectionTests
>>>>>>> Stashed changes
